#
# A fatal error has been detected by the Java Runtime Environment:
#
#  EXCEPTION_ACCESS_VIOLATION (0xc0000005) at pc=0x00007ffb9810a42c, pid=149924, tid=145956
#
# JRE version: Java(TM) SE Runtime Environment (8.0_65-b17) (build 1.8.0_65-b17)
# Java VM: Java HotSpot(TM) 64-Bit Server VM (25.65-b01 mixed mode windows-amd64 compressed oops)
# Problematic frame:
# C  [ig75icd64.dll+0x6ca42c]
#
# Failed to write core dump. Minidumps are not enabled by default on client versions of Windows
#
# If you would like to submit a bug report, please visit:
#   http://bugreport.java.com/bugreport/crash.jsp
# The crash happened outside the Java Virtual Machine in native code.
# See problematic frame for where to report the bug.
#

---------------  T H R E A D  ---------------

Current thread (0x000000001a0da800):  JavaThread "Thread-2" [_thread_in_native, id=145956, stack(0x000000001a960000,0x000000001aa60000)]

siginfo: ExceptionCode=0xc0000005, reading address 0x0000000000000678

Registers:
RAX=0x0000000001435250, RBX=0x000000001aebb928, RCX=0x0000000000000000, RDX=0x0000000000000020
RSP=0x000000001aa5ebb8, RBP=0x000000001aa5ec60, RSI=0x0000000000000002, RDI=0x0000000003307ced
R8 =0x0000000000000006, R9 =0x000000001a0efc50, R10=0x0000000003315e08, R11=0x00000000726d9450
R12=0x0000000000000000, R13=0x000000001aebb928, R14=0x000000001aa5ecb0, R15=0x000000001a0da800
RIP=0x00007ffb9810a42c, EFLAGS=0x0000000000010283

Top of Stack: (sp=0x000000001aa5ebb8)
0x000000001aa5ebb8:   0000000003315e34 000000001aa5f0e8
0x000000001aa5ebc8:   000000001aa5ec60 0000000000000002
0x000000001aa5ebd8:   0000000003307ced 000000003f800000
0x000000001aa5ebe8:   000000003f800000 00007ffb9810a410
0x000000001aa5ebf8:   000000001aebb928 0000000000000002
0x000000001aa5ec08:   000000001a0da800 000000001aa5ed38
0x000000001aa5ec18:   0000000003315b62 000000001aa5ec20
0x000000001aa5ec28:   000000001aebb928 000000001aa5ecb0
0x000000001aa5ec38:   0000000019120028 0000000000000000
0x000000001aa5ec48:   000000001aebb928 0000000000000000
0x000000001aa5ec58:   000000001aa5ec80 000000001aa5ecf8
0x000000001aa5ec68:   0000000003307ced 0000000000000000
0x000000001aa5ec78:   000000000330f978 00007ffb9810a410
0x000000001aa5ec88:   0000000000000003 000000003f800000
0x000000001aa5ec98:   000000003f800000 0000000000000000
0x000000001aa5eca8:   00007ffb3f800000 00000000e075c178 

Instructions: (pc=0x00007ffb9810a42c)
0x00007ffb9810a40c:   cc cc cc cc 8b 0d 66 e2 35 00 65 48 8b 04 25 58
0x00007ffb9810a41c:   00 00 00 ba 20 00 00 00 48 8b 04 c8 48 8b 0c 10
0x00007ffb9810a42c:   48 ff a1 78 06 00 00 cc cc cc cc cc cc cc cc cc
0x00007ffb9810a43c:   cc cc cc cc 44 8b 15 35 e2 35 00 65 48 8b 04 25 


Register to memory mapping:

RAX=0x0000000001435250 is an unknown value
RBX={method} {0x000000001aebb930} 'dispatch_glClearColor1' '(FFFFJ)V' in 'jogamp/opengl/gl4/GL4bcImpl'
RCX=0x0000000000000000 is an unknown value
RDX=0x0000000000000020 is an unknown value
RSP=0x000000001aa5ebb8 is pointing into the stack for thread: 0x000000001a0da800
RBP=0x000000001aa5ec60 is pointing into the stack for thread: 0x000000001a0da800
RSI=0x0000000000000002 is an unknown value
RDI=0x0000000003307ced is at code_begin+2093 in an Interpreter codelet
invoke return entry points  [0x00000000033074c0, 0x0000000003307dc0]  2304 bytes
R8 =0x0000000000000006 is an unknown value
R9 =0x000000001a0efc50 is an unknown value
R10=0x0000000003315e08 is at code_begin+840 in an Interpreter codelet
method entry point (kind = native)  [0x0000000003315ac0, 0x0000000003316420]  2400 bytes
R11=0x00000000726d9450 is an unknown value
R12=0x0000000000000000 is an unknown value
R13={method} {0x000000001aebb930} 'dispatch_glClearColor1' '(FFFFJ)V' in 'jogamp/opengl/gl4/GL4bcImpl'
R14=0x000000001aa5ecb0 is pointing into the stack for thread: 0x000000001a0da800
R15=0x000000001a0da800 is a thread


Stack: [0x000000001a960000,0x000000001aa60000],  sp=0x000000001aa5ebb8,  free space=1018k
Native frames: (J=compiled Java code, j=interpreted, Vv=VM code, C=native code)
C  [ig75icd64.dll+0x6ca42c]

Java frames: (J=compiled Java code, j=interpreted, Vv=VM code)
j  jogamp.opengl.gl4.GL4bcImpl.dispatch_glClearColor1(FFFFJ)V+0
j  jogamp.opengl.gl4.GL4bcImpl.glClearColor(FFFF)V+46
j  TestSystem.processEntity(Lcom/retro/engine/entity/Entity;Lcom/jogamp/opengl/GL2;)V+13
j  com.retro.engine.system.SystemManager.renderEntity(Lcom/retro/engine/entity/Entity;Lcom/jogamp/opengl/GL2;)V+58
j  com.retro.engine.Framework.render(Lcom/jogamp/opengl/GL2;)V+34
j  com.retro.engine.Framework$2.run()V+45
v  ~StubRoutines::call_stub

---------------  P R O C E S S  ---------------

Java Threads: ( => current thread )
  0x00000000030ae800 JavaThread "DestroyJavaVM" [_thread_blocked, id=11392, stack(0x0000000003100000,0x0000000003200000)]
  0x000000001a4f9000 JavaThread "main-SharedResourceRunner" daemon [_thread_blocked, id=7588, stack(0x000000001b2a0000,0x000000001b3a0000)]
  0x000000001a257000 JavaThread "AWT-EventQueue-0" [_thread_in_native, id=147988, stack(0x000000001b1a0000,0x000000001b2a0000)]
  0x000000001a322800 JavaThread "AWT-Shutdown" [_thread_blocked, id=146228, stack(0x000000001b0a0000,0x000000001b1a0000)]
=>0x000000001a0da800 JavaThread "Thread-2" [_thread_in_native, id=145956, stack(0x000000001a960000,0x000000001aa60000)]
  0x000000001a0da000 JavaThread "Thread-1" [_thread_blocked, id=8800, stack(0x000000001a860000,0x000000001a960000)]
  0x0000000018867000 JavaThread "AWT-Windows" daemon [_thread_in_native, id=136688, stack(0x0000000018fd0000,0x00000000190d0000)]
  0x00000000188d5000 JavaThread "Java2D Disposer" daemon [_thread_blocked, id=12880, stack(0x0000000018dd0000,0x0000000018ed0000)]
  0x00000000185eb800 JavaThread "Monitor Ctrl-Break" daemon [_thread_in_native, id=3352, stack(0x0000000018b00000,0x0000000018c00000)]
  0x000000001852e000 JavaThread "Service Thread" daemon [_thread_blocked, id=147296, stack(0x0000000018900000,0x0000000018a00000)]
  0x0000000016c25000 JavaThread "C1 CompilerThread2" daemon [_thread_blocked, id=149168, stack(0x0000000018400000,0x0000000018500000)]
  0x0000000016bd0800 JavaThread "C2 CompilerThread1" daemon [_thread_blocked, id=11972, stack(0x0000000018300000,0x0000000018400000)]
  0x0000000016bce000 JavaThread "C2 CompilerThread0" daemon [_thread_blocked, id=146796, stack(0x0000000018200000,0x0000000018300000)]
  0x0000000016bcc800 JavaThread "Attach Listener" daemon [_thread_blocked, id=6092, stack(0x0000000018100000,0x0000000018200000)]
  0x0000000016bcb800 JavaThread "Signal Dispatcher" daemon [_thread_blocked, id=149528, stack(0x0000000018000000,0x0000000018100000)]
  0x00000000032f7800 JavaThread "Finalizer" daemon [_thread_blocked, id=84064, stack(0x0000000017e20000,0x0000000017f20000)]
  0x00000000032ee800 JavaThread "Reference Handler" daemon [_thread_blocked, id=130324, stack(0x0000000017d20000,0x0000000017e20000)]

Other Threads:
  0x0000000016b98000 VMThread [stack: 0x0000000017c20000,0x0000000017d20000] [id=148476]
  0x0000000018533800 WatcherThread [stack: 0x0000000018a00000,0x0000000018b00000] [id=146980]

VM state:not at safepoint (normal execution)

VM Mutex/Monitor currently owned by a thread: None

Heap:
 PSYoungGen      total 28672K, used 9816K [0x00000000e0600000, 0x00000000e2600000, 0x0000000100000000)
  eden space 24576K, 25% used [0x00000000e0600000,0x00000000e0c06dd0,0x00000000e1e00000)
  from space 4096K, 88% used [0x00000000e2200000,0x00000000e258f548,0x00000000e2600000)
  to   space 4096K, 0% used [0x00000000e1e00000,0x00000000e1e00000,0x00000000e2200000)
 ParOldGen       total 65536K, used 24K [0x00000000a1200000, 0x00000000a5200000, 0x00000000e0600000)
  object space 65536K, 0% used [0x00000000a1200000,0x00000000a1206010,0x00000000a5200000)
 Metaspace       used 15404K, capacity 15650K, committed 16128K, reserved 1062912K
  class space    used 1588K, capacity 1673K, committed 1792K, reserved 1048576K

Card table byte_map: [0x00000000126c0000,0x00000000129c0000] byte_map_base: 0x00000000121b7000

Marking Bits: (ParMarkBitMap*) 0x0000000072cba5b0
 Begin Bits: [0x0000000012fc0000, 0x0000000014778000)
 End Bits:   [0x0000000014778000, 0x0000000015f30000)

Polling page: 0x00000000018d0000

CodeCache: size=245760Kb used=3279Kb max_used=3292Kb free=242480Kb
 bounds [0x0000000003300000, 0x0000000003640000, 0x0000000012300000]
 total_blobs=1637 nmethods=811 adapters=739
 compilation: enabled

Compilation events (10 events):
Event: 3.124 Thread 0x0000000016c25000 nmethod 805 0x000000000362cad0 code [0x000000000362cc40, 0x000000000362ce70]
Event: 3.124 Thread 0x0000000016c25000  806       3       sun.misc.URLClassPath$JarLoader$2::getCodeSigners (8 bytes)
Event: 3.125 Thread 0x0000000016c25000 nmethod 806 0x000000000362cf50 code [0x000000000362d0c0, 0x000000000362d2e8]
Event: 3.125 Thread 0x0000000016c25000  808       3       java.net.URLStreamHandler::equals (45 bytes)
Event: 3.125 Thread 0x0000000016c25000 nmethod 808 0x000000000362d390 code [0x000000000362d520, 0x000000000362da38]
Event: 3.125 Thread 0x0000000016c25000  809       3       java.security.CodeSource::matchCerts (254 bytes)
Event: 3.126 Thread 0x0000000016c25000 nmethod 809 0x000000000362db90 code [0x000000000362dda0, 0x000000000362e918]
Event: 3.126 Thread 0x0000000016c25000  810       3       java.nio.Bits::byteOrder (20 bytes)
Event: 3.126 Thread 0x0000000016c25000 nmethod 810 0x000000000362ee50 code [0x000000000362efa0, 0x000000000362f0f0]
Event: 3.145 Thread 0x0000000016c25000  811       3       java.nio.Buffer::<init> (121 bytes)

GC Heap History (4 events):
Event: 2.560 GC heap before
{Heap before GC invocations=1 (full 0):
 PSYoungGen      total 28672K, used 24576K [0x00000000e0600000, 0x00000000e2600000, 0x0000000100000000)
  eden space 24576K, 100% used [0x00000000e0600000,0x00000000e1e00000,0x00000000e1e00000)
  from space 4096K, 0% used [0x00000000e2200000,0x00000000e2200000,0x00000000e2600000)
  to   space 4096K, 0% used [0x00000000e1e00000,0x00000000e1e00000,0x00000000e2200000)
 ParOldGen       total 65536K, used 0K [0x00000000a1200000, 0x00000000a5200000, 0x00000000e0600000)
  object space 65536K, 0% used [0x00000000a1200000,0x00000000a1200000,0x00000000a5200000)
 Metaspace       used 13280K, capacity 13430K, committed 13696K, reserved 1060864K
  class space    used 1322K, capacity 1383K, committed 1408K, reserved 1048576K
Event: 2.569 GC heap after
Heap after GC invocations=1 (full 0):
 PSYoungGen      total 28672K, used 4069K [0x00000000e0600000, 0x00000000e2600000, 0x0000000100000000)
  eden space 24576K, 0% used [0x00000000e0600000,0x00000000e0600000,0x00000000e1e00000)
  from space 4096K, 99% used [0x00000000e1e00000,0x00000000e21f9648,0x00000000e2200000)
  to   space 4096K, 0% used [0x00000000e2200000,0x00000000e2200000,0x00000000e2600000)
 ParOldGen       total 65536K, used 16K [0x00000000a1200000, 0x00000000a5200000, 0x00000000e0600000)
  object space 65536K, 0% used [0x00000000a1200000,0x00000000a1204010,0x00000000a5200000)
 Metaspace       used 13280K, capacity 13430K, committed 13696K, reserved 1060864K
  class space    used 1322K, capacity 1383K, committed 1408K, reserved 1048576K
}
Event: 2.974 GC heap before
{Heap before GC invocations=2 (full 0):
 PSYoungGen      total 28672K, used 28645K [0x00000000e0600000, 0x00000000e2600000, 0x0000000100000000)
  eden space 24576K, 100% used [0x00000000e0600000,0x00000000e1e00000,0x00000000e1e00000)
  from space 4096K, 99% used [0x00000000e1e00000,0x00000000e21f9648,0x00000000e2200000)
  to   space 4096K, 0% used [0x00000000e2200000,0x00000000e2200000,0x00000000e2600000)
 ParOldGen       total 65536K, used 16K [0x00000000a1200000, 0x00000000a5200000, 0x00000000e0600000)
  object space 65536K, 0% used [0x00000000a1200000,0x00000000a1204010,0x00000000a5200000)
 Metaspace       used 13448K, capacity 13590K, committed 14080K, reserved 1062912K
  class space    used 1339K, capacity 1415K, committed 1536K, reserved 1048576K
Event: 2.979 GC heap after
Heap after GC invocations=2 (full 0):
 PSYoungGen      total 28672K, used 3645K [0x00000000e0600000, 0x00000000e2600000, 0x0000000100000000)
  eden space 24576K, 0% used [0x00000000e0600000,0x00000000e0600000,0x00000000e1e00000)
  from space 4096K, 88% used [0x00000000e2200000,0x00000000e258f548,0x00000000e2600000)
  to   space 4096K, 0% used [0x00000000e1e00000,0x00000000e1e00000,0x00000000e2200000)
 ParOldGen       total 65536K, used 24K [0x00000000a1200000, 0x00000000a5200000, 0x00000000e0600000)
  object space 65536K, 0% used [0x00000000a1200000,0x00000000a1206010,0x00000000a5200000)
 Metaspace       used 13448K, capacity 13590K, committed 14080K, reserved 1062912K
  class space    used 1339K, capacity 1415K, committed 1536K, reserved 1048576K
}

Deoptimization events (3 events):
Event: 0.795 Thread 0x00000000030ae800 Uncommon trap: reason=unstable_if action=reinterpret pc=0x00000000034c84e8 method=java.lang.String.indexOf([CII[CIII)I @ 3
Event: 2.973 Thread 0x00000000030ae800 Uncommon trap: reason=unstable_if action=reinterpret pc=0x00000000035da91c method=java.util.HashMap.containsKey(Ljava/lang/Object;)Z @ 9
Event: 3.018 Thread 0x00000000030ae800 Uncommon trap: reason=unstable_if action=reinterpret pc=0x00000000035f69f0 method=java.lang.reflect.AccessibleObject.setAccessible0(Ljava/lang/reflect/AccessibleObject;Z)V @ 4

Internal exceptions (10 events):
Event: 0.064 Thread 0x00000000030ae800 Exception <a 'java/lang/NoSuchMethodError': Method sun.misc.Unsafe.prefetchRead(Ljava/lang/Object;J)V name or signature does not match> (0x00000000e060e500) thrown at [C:\workspace\8-2-build-windows-amd64-cygwin\jdk8u65\4987\hotspot\src\share\vm\prims\jni.ึ#๐เหา?
Event: 0.294 Thread 0x00000000030ae800 Exception <a 'java/security/PrivilegedActionException'> (0x00000000e08a15a8) thrown at [C:\workspace\8-2-build-windows-amd64-cygwin\jdk8u65\4987\hotspot\src\share\vm\prims\jvm.cpp, line 1386]
Event: 0.294 Thread 0x00000000030ae800 Exception <a 'java/security/PrivilegedActionException'> (0x00000000e08a17b8) thrown at [C:\workspace\8-2-build-windows-amd64-cygwin\jdk8u65\4987\hotspot\src\share\vm\prims\jvm.cpp, line 1386]
Event: 0.295 Thread 0x00000000030ae800 Exception <a 'java/security/PrivilegedActionException'> (0x00000000e08a58c0) thrown at [C:\workspace\8-2-build-windows-amd64-cygwin\jdk8u65\4987\hotspot\src\share\vm\prims\jvm.cpp, line 1386]
Event: 0.295 Thread 0x00000000030ae800 Exception <a 'java/security/PrivilegedActionException'> (0x00000000e08a5ad0) thrown at [C:\workspace\8-2-build-windows-amd64-cygwin\jdk8u65\4987\hotspot\src\share\vm\prims\jvm.cpp, line 1386]
Event: 0.299 Thread 0x00000000030ae800 Exception <a 'java/io/FileNotFoundException'> (0x00000000e08a7d98) thrown at [C:\workspace\8-2-build-windows-amd64-cygwin\jdk8u65\4987\hotspot\src\share\vm\prims\jni.cpp, line 709]
Event: 0.372 Thread 0x00000000030ae800 Exception <a 'java/lang/NoSuchFieldError': method resolution failed> (0x00000000e09753d0) thrown at [C:\workspace\8-2-build-windows-amd64-cygwin\jdk8u65\4987\hotspot\src\share\vm\prims\methodHandles.cpp, line 1146]
Event: 0.379 Thread 0x00000000030ae800 Exception <a 'java/lang/NoSuchFieldError': method resolution failed> (0x00000000e0982720) thrown at [C:\workspace\8-2-build-windows-amd64-cygwin\jdk8u65\4987\hotspot\src\share\vm\prims\methodHandles.cpp, line 1146]
Event: 0.474 Thread 0x00000000030ae800 Exception <a 'java/io/FileNotFoundException'> (0x00000000e0a85b80) thrown at [C:\workspace\8-2-build-windows-amd64-cygwin\jdk8u65\4987\hotspot\src\share\vm\prims\jni.cpp, line 709]
Event: 3.035 Thread 0x00000000030ae800 Exception <a 'java/lang/reflect/InvocationTargetException'> (0x00000000e0789ce0) thrown at [C:\workspace\8-2-build-windows-amd64-cygwin\jdk8u65\4987\hotspot\src\share\vm\runtime\reflection.cpp, line 1092]

Events (10 events):
Event: 3.139 loading class com/jogamp/opengl/glu/GLU
Event: 3.139 loading class com/jogamp/opengl/glu/GLU done
Event: 3.140 loading class com/jogamp/opengl/glu/GLUquadric
Event: 3.140 loading class com/jogamp/opengl/glu/GLUquadric done
Event: 3.141 loading class com/jogamp/opengl/glu/gl2/GLUgl2
Event: 3.141 loading class com/jogamp/opengl/glu/gl2/GLUgl2 done
Event: 3.142 loading class com/jogamp/opengl/glu/gl2es1/GLUgl2es1
Event: 3.142 loading class com/jogamp/opengl/glu/gl2es1/GLUgl2es1 done
Event: 3.143 loading class jogamp/opengl/ProjectFloat
Event: 3.143 loading class jogamp/opengl/ProjectFloat done


Dynamic libraries:
0x00007ff6a70d0000 - 0x00007ff6a7107000 	C:\Program Files\Java\jdk1.8.0_65\bin\java.exe
0x00007ffbc8bb0000 - 0x00007ffbc8d71000 	C:\WINDOWS\SYSTEM32\ntdll.dll
0x00007ffbc6bc0000 - 0x00007ffbc6c6d000 	C:\WINDOWS\system32\KERNEL32.DLL
0x00007ffbc52f0000 - 0x00007ffbc54d8000 	C:\WINDOWS\system32\KERNELBASE.dll
0x00007ffbc8870000 - 0x00007ffbc8917000 	C:\WINDOWS\system32\ADVAPI32.dll
0x00007ffbc6f50000 - 0x00007ffbc6fed000 	C:\WINDOWS\system32\msvcrt.dll
0x00007ffbc6e80000 - 0x00007ffbc6edb000 	C:\WINDOWS\system32\sechost.dll
0x00007ffbc5fb0000 - 0x00007ffbc60cc000 	C:\WINDOWS\system32\RPCRT4.dll
0x00007ffbc8a50000 - 0x00007ffbc8ba6000 	C:\WINDOWS\system32\USER32.dll
0x00007ffbc62f0000 - 0x00007ffbc6476000 	C:\WINDOWS\system32\GDI32.dll
0x00007ffbb50c0000 - 0x00007ffbb5334000 	C:\WINDOWS\WinSxS\amd64_microsoft.windows.common-controls_6595b64144ccf1df_6.0.10586.494_none_a2d8b04ea53e3145\COMCTL32.dll
0x00007ffbc6920000 - 0x00007ffbc6b9d000 	C:\WINDOWS\system32\combase.dll
0x00007ffbc54e0000 - 0x00007ffbc554a000 	C:\WINDOWS\system32\bcryptPrimitives.dll
0x00007ffbc7140000 - 0x00007ffbc717b000 	C:\WINDOWS\system32\IMM32.DLL
0x00000000722b0000 - 0x0000000072382000 	C:\Program Files\Java\jdk1.8.0_65\jre\bin\msvcr100.dll
0x00000000724b0000 - 0x0000000072d39000 	C:\Program Files\Java\jdk1.8.0_65\jre\bin\server\jvm.dll
0x00007ffbc60d0000 - 0x00007ffbc60d8000 	C:\WINDOWS\system32\PSAPI.DLL
0x00007ffbb6d90000 - 0x00007ffbb6d99000 	C:\WINDOWS\SYSTEM32\WSOCK32.dll
0x00007ffbc8800000 - 0x00007ffbc886b000 	C:\WINDOWS\system32\WS2_32.dll
0x00007ffbc31f0000 - 0x00007ffbc3213000 	C:\WINDOWS\SYSTEM32\WINMM.dll
0x00007ffbb6da0000 - 0x00007ffbb6daa000 	C:\WINDOWS\SYSTEM32\VERSION.dll
0x00007ffbc3190000 - 0x00007ffbc31bc000 	C:\WINDOWS\SYSTEM32\WINMMBASE.dll
0x00007ffbc5720000 - 0x00007ffbc5763000 	C:\WINDOWS\system32\cfgmgr32.dll
0x00000000724a0000 - 0x00000000724af000 	C:\Program Files\Java\jdk1.8.0_65\jre\bin\verify.dll
0x0000000072470000 - 0x0000000072499000 	C:\Program Files\Java\jdk1.8.0_65\jre\bin\java.dll
0x0000000072450000 - 0x0000000072466000 	C:\Program Files\Java\jdk1.8.0_65\jre\bin\zip.dll
0x00007ffbc7180000 - 0x00007ffbc86dc000 	C:\WINDOWS\system32\SHELL32.dll
0x00007ffbc5900000 - 0x00007ffbc5f45000 	C:\WINDOWS\system32\windows.storage.dll
0x00007ffbc8920000 - 0x00007ffbc8972000 	C:\WINDOWS\system32\shlwapi.dll
0x00007ffbc5240000 - 0x00007ffbc524f000 	C:\WINDOWS\system32\kernel.appcore.dll
0x00007ffbc5840000 - 0x00007ffbc58f5000 	C:\WINDOWS\system32\shcore.dll
0x00007ffbc51f0000 - 0x00007ffbc523b000 	C:\WINDOWS\system32\powrprof.dll
0x00007ffbc51d0000 - 0x00007ffbc51e4000 	C:\WINDOWS\system32\profapi.dll
0x00007ffbb60e0000 - 0x00007ffbb60f0000 	C:\Program Files (x86)\JetBrains\IntelliJ IDEA Community Edition 2016.1.1\bin\breakgen64.dll
0x0000000072430000 - 0x000000007244a000 	C:\Program Files\Java\jdk1.8.0_65\jre\bin\net.dll
0x00007ffbc4aa0000 - 0x00007ffbc4afc000 	C:\WINDOWS\system32\mswsock.dll
0x0000000072100000 - 0x0000000072298000 	C:\Program Files\Java\jdk1.8.0_65\jre\bin\awt.dll
0x00007ffbc8980000 - 0x00007ffbc8a41000 	C:\WINDOWS\system32\OLEAUT32.dll
0x00007ffbc3790000 - 0x00007ffbc3809000 	C:\WINDOWS\system32\apphelp.dll
0x00007ffbc29d0000 - 0x00007ffbc29f2000 	C:\WINDOWS\system32\DWMAPI.DLL
0x00007ffbc3920000 - 0x00007ffbc39b6000 	C:\WINDOWS\system32\uxtheme.dll
0x00007ffbc6190000 - 0x00007ffbc62ea000 	C:\WINDOWS\system32\MSCTF.dll
0x00007ffbaf400000 - 0x00007ffbaf4a3000 	C:\Program Files\Common Files\microsoft shared\ink\tiptsf.dll
0x00007ffbc6ff0000 - 0x00007ffbc7133000 	C:\WINDOWS\system32\ole32.dll
0x00007ffbc4b50000 - 0x00007ffbc4b67000 	C:\WINDOWS\SYSTEM32\CRYPTSP.dll
0x00007ffbc47e0000 - 0x00007ffbc4814000 	C:\WINDOWS\system32\rsaenh.dll
0x00007ffbc5060000 - 0x00007ffbc5089000 	C:\WINDOWS\SYSTEM32\bcrypt.dll
0x00007ffbc4930000 - 0x00007ffbc494f000 	C:\WINDOWS\SYSTEM32\USERENV.dll
0x00007ffbc4c70000 - 0x00007ffbc4c7b000 	C:\WINDOWS\SYSTEM32\CRYPTBASE.dll
0x00007ffbc1850000 - 0x00007ffbc1888000 	C:\WINDOWS\SYSTEM32\IPHLPAPI.DLL
0x00007ffbc87f0000 - 0x00007ffbc87f8000 	C:\WINDOWS\system32\NSI.dll
0x00007ffbc10e0000 - 0x00007ffbc10f6000 	C:\WINDOWS\SYSTEM32\dhcpcsvc6.DLL
0x00007ffbc10c0000 - 0x00007ffbc10da000 	C:\WINDOWS\SYSTEM32\dhcpcsvc.DLL
0x0000000072410000 - 0x0000000072421000 	C:\Program Files\Java\jdk1.8.0_65\jre\bin\nio.dll
0x00000000637c0000 - 0x00000000637cd000 	C:\Users\Michael\AppData\Local\Temp\jogamp_0000\file_cache\jln1998933178869190269\jln7736088761220216333\natives\windows-amd64\gluegen-rt.dll
0x00000000720f0000 - 0x00000000720f7000 	C:\Program Files\Java\jdk1.8.0_65\jre\bin\jawt.dll
0x000000006a440000 - 0x000000006a44d000 	C:\Users\Michael\AppData\Local\Temp\jogamp_0000\file_cache\jln1998933178869190269\jln7736088761220216333\natives\windows-amd64\nativewindow_awt.dll
0x000000006c100000 - 0x000000006c10f000 	C:\Users\Michael\AppData\Local\Temp\jogamp_0000\file_cache\jln1998933178869190269\jln7736088761220216333\natives\windows-amd64\nativewindow_win32.dll
0x00007ffbb4930000 - 0x00007ffbb4a59000 	C:\WINDOWS\SYSTEM32\OpenGL32.dll
0x00007ffbad110000 - 0x00007ffbad20a000 	C:\WINDOWS\SYSTEM32\DDRAW.dll
0x00007ffbbd4d0000 - 0x00007ffbbd4fe000 	C:\WINDOWS\SYSTEM32\GLU32.dll
0x00007ffbc2940000 - 0x00007ffbc2948000 	C:\WINDOWS\SYSTEM32\DCIMAN32.dll
0x0000000064500000 - 0x00000000645b1000 	C:\Users\Michael\AppData\Local\Temp\jogamp_0000\file_cache\jln1998933178869190269\jln7736088761220216333\natives\windows-amd64\jogl_desktop.dll
0x0000000064340000 - 0x00000000643a2000 	C:\Users\Michael\AppData\Local\Temp\jogamp_0000\file_cache\jln1998933178869190269\jln7736088761220216333\natives\windows-amd64\jogl_mobile.dll
0x00007ffb97a40000 - 0x00007ffb98500000 	C:\WINDOWS\SYSTEM32\ig75icd64.dll
0x00007ffbbf3f0000 - 0x00007ffbbfde2000 	C:\WINDOWS\SYSTEM32\igdusc64.dll
0x00007ffbc2f80000 - 0x00007ffbc2f93000 	C:\WINDOWS\SYSTEM32\WTSAPI32.dll
0x00000000720a0000 - 0x00000000720e7000 	C:\Program Files\Java\jdk1.8.0_65\jre\bin\fontmanager.dll
0x00007ffbc60e0000 - 0x00007ffbc6187000 	C:\WINDOWS\system32\clbcatq.dll
0x00007ffba2170000 - 0x00007ffba22cc000 	C:\Windows\System32\uiautomationcore.dll
0x00007ffbc5090000 - 0x00007ffbc5129000 	C:\WINDOWS\SYSTEM32\sxs.dll
0x00007ffbb4f30000 - 0x00007ffbb4f9a000 	C:\Windows\System32\OLEACC.dll
0x00007ffbb0920000 - 0x00007ffbb09d1000 	C:\WINDOWS\SYSTEM32\twinapi.dll
0x00007ffbc3ac0000 - 0x00007ffbc3bc0000 	C:\WINDOWS\SYSTEM32\twinapi.appcore.dll
0x00007ffbc0d80000 - 0x00007ffbc0f0c000 	C:\WINDOWS\SYSTEM32\dbghelp.dll

VM Arguments:
jvm_args: -Didea.launcher.port=7533 -Didea.launcher.bin.path=C:\Program Files (x86)\JetBrains\IntelliJ IDEA Community Edition 2016.1.1\bin -Dfile.encoding=UTF-8 
java_command: com.intellij.rt.execution.application.AppMain Main
java_class_path (initial): C:\Program Files\Java\jdk1.8.0_65\jre\lib\charsets.jar;C:\Program Files\Java\jdk1.8.0_65\jre\lib\deploy.jar;C:\Program Files\Java\jdk1.8.0_65\jre\lib\ext\access-bridge-64.jar;C:\Program Files\Java\jdk1.8.0_65\jre\lib\ext\cldrdata.jar;C:\Program Files\Java\jdk1.8.0_65\jre\lib\ext\dnsns.jar;C:\Program Files\Java\jdk1.8.0_65\jre\lib\ext\jaccess.jar;C:\Program Files\Java\jdk1.8.0_65\jre\lib\ext\jfxrt.jar;C:\Program Files\Java\jdk1.8.0_65\jre\lib\ext\localedata.jar;C:\Program Files\Java\jdk1.8.0_65\jre\lib\ext\nashorn.jar;C:\Program Files\Java\jdk1.8.0_65\jre\lib\ext\sunec.jar;C:\Program Files\Java\jdk1.8.0_65\jre\lib\ext\sunjce_provider.jar;C:\Program Files\Java\jdk1.8.0_65\jre\lib\ext\sunmscapi.jar;C:\Program Files\Java\jdk1.8.0_65\jre\lib\ext\sunpkcs11.jar;C:\Program Files\Java\jdk1.8.0_65\jre\lib\ext\zipfs.jar;C:\Program Files\Java\jdk1.8.0_65\jre\lib\javaws.jar;C:\Program Files\Java\jdk1.8.0_65\jre\lib\jce.jar;C:\Program Files\Java\jdk1.8.0_65\jre\lib\jfr.jar;C:\Program Files\Java\jdk1.8.0_65\jre\lib\jfxswt.jar;C:\Program Files\Java\jdk1.8.0_65\jre\lib\jsse.jar;C:\Program Files\Java\jdk1.8.0_65\jre\lib\management-agent.jar;C:\Program Files\Java\jdk1.8.0_65\jre\lib\plugin.jar;C:\Program Files\Java\jdk1.8.0_65\jre\lib\resources.jar;C:\Program Files\Java\jdk1.8.0_65\jre\lib\rt.jar;C:\Users\Michael\Google Drive\Code\RetroGame\out\production\RetroGame;C:\Users\Michael\Documents\Code\Java\RetroEngine\out\RetroEngine_jar\RetroEngine.jar;C:\JOGAMPALL\jar\gluegen-rt.jar;C:\JOGAMPALL\jar\jogl-all.jar;C:\Program Files (x86)\JetBrains\IntelliJ IDEA Community Edition 2016.1.1\lib\idea_rt.jar
Launcher Type: SUN_STANDARD

Environment Variables:
JAVA_HOME=C:\Program Files\Java\jdk1.8.0_65\
PATH=C:\Program Files (x86)\NVIDIA Corporation\PhysX\Common;C:\Perl64\site\bin;C:\Perl64\bin;C:\Program Files\Java\jdk1.8.0_65\bin;C:\ProgramData\Oracle\Java\javapath;C:\WINDOWS\system32;C:\WINDOWS;C:\WINDOWS\System32\Wbem;C:\WINDOWS\System32\WindowsPowerShell\v1.0\;C:\Program Files (x86)\Skype\Phone\;C:\Program Files\nodejs\;C:\Users\Michael\.dnx\bin;C:\Program Files\Microsoft DNX\Dnvm\;C:\Program Files (x86)\Windows Kits\8.1\Windows Performance Toolkit\;C:\Program Files\Git\cmd;C:\Program Files (x86)\GtkSharp\2.12\bin;C:\Program Files\jd-gui-windows-1.4.0;C:\cygwin64\bin;C:\Program Files (x86)\Microsoft VS Code\bin;C:\Users\Michael\AppData\Roaming\npm;C:\Perl64\bin;C:\Program Files\apache-maven-3.3.9-bin\apache-maven-3.3.9\bin;C:\Program Files\Java\jdk1.8.0_65\bin;C:\Python27;C:\Python27\Scripts
USERNAME=Michael
OS=Windows_NT
PROCESSOR_IDENTIFIER=Intel64 Family 6 Model 69 Stepping 1, GenuineIntel



---------------  S Y S T E M  ---------------

OS: Windows 10.0 , 64 bit Build 10586 (10.0.10586.0)

CPU:total 4 (2 cores per cpu, 2 threads per core) family 6 model 69 stepping 1, cmov, cx8, fxsr, mmx, sse, sse2, sse3, ssse3, sse4.1, sse4.2, popcnt, avx, avx2, aes, clmul, erms, lzcnt, ht, tsc, tscinvbit, bmi1, bmi2

Memory: 4k page, physical 6212888k(1102076k free), swap 15837152k(3892000k free)

vm_info: Java HotSpot(TM) 64-Bit Server VM (25.65-b01) for windows-amd64 JRE (1.8.0_65-b17), built on Oct  6 2015 16:39:20 by "java_re" with MS VC++ 10.0 (VS2010)

time: Sat Jul 30 14:18:23 2016
elapsed time: 3 seconds (0d 0h 0m 3s)

